==10606== Memcheck, a memory error detector
==10606== Copyright (C) 2002-2024, and GNU GPL'd, by Julian Seward et al.
==10606== Using Valgrind-3.24.0 and LibVEX; rerun with -h for copyright info
==10606== Command: ./Stack_LinkedList
==10606== Parent PID: 1801
==10606== 
==10606== 
==10606== HEAP SUMMARY:
==10606==     in use at exit: 32 bytes in 2 blocks
==10606==   total heap usage: 4 allocs, 2 frees, 2,080 bytes allocated
==10606== 
==10606== 32 bytes in 2 blocks are still reachable in loss record 1 of 1
==10606==    at 0x48457A8: malloc (vg_replace_malloc.c:446)
==10606==    by 0x10931B: push (Stack_LinkedList.c:59)
==10606==    by 0x109290: main (Stack_LinkedList.c:36)
==10606== 
==10606== LEAK SUMMARY:
==10606==    definitely lost: 0 bytes in 0 blocks
==10606==    indirectly lost: 0 bytes in 0 blocks
==10606==      possibly lost: 0 bytes in 0 blocks
==10606==    still reachable: 32 bytes in 2 blocks
==10606==         suppressed: 0 bytes in 0 blocks
==10606== 
==10606== For lists of detected and suppressed errors, rerun with: -s
==10606== ERROR SUMMARY: 0 errors from 0 contexts (suppressed: 0 from 0)
